{"message":"controller error => Error: illegal class index detected\n    at Object.exports.createError (/Users/why/学习/Dian/大创项目/攻防实验系统/HUST_Info_Security_platform/utils/error_util.js:4:15)\n    at Object.exports.getFavor (/Users/why/学习/Dian/大创项目/攻防实验系统/HUST_Info_Security_platform/controllers/exam_controller.js:20:29)\n    at <anonymous>\n    at process._tickCallback (internal/process/next_tick.js:160:7)","level":"error"}
{"message":"controller error => Error: illegal class index detected\n    at Object.exports.createError (/Users/why/学习/Dian/大创项目/攻防实验系统/HUST_Info_Security_platform/utils/error_util.js:4:15)\n    at Object.exports.getFavor (/Users/why/学习/Dian/大创项目/攻防实验系统/HUST_Info_Security_platform/controllers/exam_controller.js:20:29)\n    at <anonymous>\n    at process._tickCallback (internal/process/next_tick.js:160:7)","level":"error"}
{"message":"controller error => Error: illegal class index detected\n    at Object.exports.createError (/Users/why/学习/Dian/大创项目/攻防实验系统/HUST_Info_Security_platform/utils/error_util.js:4:15)\n    at Object.exports.getFavor (/Users/why/学习/Dian/大创项目/攻防实验系统/HUST_Info_Security_platform/controllers/exam_controller.js:21:29)\n    at <anonymous>\n    at process._tickCallback (internal/process/next_tick.js:160:7)","level":"error"}
{"message":"add favor error => ReferenceError: ExanController is not defined\n    at router.post (/Users/why/学习/Dian/大创项目/攻防实验系统/HUST_Info_Security_platform/routes/exam.js:63:20)\n    at Layer.handle [as handle_request] (/Users/why/学习/Dian/大创项目/攻防实验系统/HUST_Info_Security_platform/node_modules/express/lib/router/layer.js:95:5)\n    at next (/Users/why/学习/Dian/大创项目/攻防实验系统/HUST_Info_Security_platform/node_modules/express/lib/router/route.js:137:13)\n    at Route.dispatch (/Users/why/学习/Dian/大创项目/攻防实验系统/HUST_Info_Security_platform/node_modules/express/lib/router/route.js:112:3)\n    at Layer.handle [as handle_request] (/Users/why/学习/Dian/大创项目/攻防实验系统/HUST_Info_Security_platform/node_modules/express/lib/router/layer.js:95:5)\n    at /Users/why/学习/Dian/大创项目/攻防实验系统/HUST_Info_Security_platform/node_modules/express/lib/router/index.js:281:22\n    at param (/Users/why/学习/Dian/大创项目/攻防实验系统/HUST_Info_Security_platform/node_modules/express/lib/router/index.js:354:14)\n    at param (/Users/why/学习/Dian/大创项目/攻防实验系统/HUST_Info_Security_platform/node_modules/express/lib/router/index.js:365:14)\n    at Function.process_params (/Users/why/学习/Dian/大创项目/攻防实验系统/HUST_Info_Security_platform/node_modules/express/lib/router/index.js:410:3)\n    at next (/Users/why/学习/Dian/大创项目/攻防实验系统/HUST_Info_Security_platform/node_modules/express/lib/router/index.js:275:10)","level":"error"}
{"message":"add favor error => TypeError: Cannot read property 'classindex' of undefined\n    at Object.exports.postFavor (/Users/why/学习/Dian/大创项目/攻防实验系统/HUST_Info_Security_platform/models/exam_db.js:45:29)\n    at Object.exports.postFavor (/Users/why/学习/Dian/大创项目/攻防实验系统/HUST_Info_Security_platform/controllers/exam_controller.js:30:25)\n    at router.post (/Users/why/学习/Dian/大创项目/攻防实验系统/HUST_Info_Security_platform/routes/exam.js:63:41)\n    at Layer.handle [as handle_request] (/Users/why/学习/Dian/大创项目/攻防实验系统/HUST_Info_Security_platform/node_modules/express/lib/router/layer.js:95:5)\n    at next (/Users/why/学习/Dian/大创项目/攻防实验系统/HUST_Info_Security_platform/node_modules/express/lib/router/route.js:137:13)\n    at Route.dispatch (/Users/why/学习/Dian/大创项目/攻防实验系统/HUST_Info_Security_platform/node_modules/express/lib/router/route.js:112:3)\n    at Layer.handle [as handle_request] (/Users/why/学习/Dian/大创项目/攻防实验系统/HUST_Info_Security_platform/node_modules/express/lib/router/layer.js:95:5)\n    at /Users/why/学习/Dian/大创项目/攻防实验系统/HUST_Info_Security_platform/node_modules/express/lib/router/index.js:281:22\n    at param (/Users/why/学习/Dian/大创项目/攻防实验系统/HUST_Info_Security_platform/node_modules/express/lib/router/index.js:354:14)\n    at param (/Users/why/学习/Dian/大创项目/攻防实验系统/HUST_Info_Security_platform/node_modules/express/lib/router/index.js:365:14)","level":"error"}
{"message":"add favor error => TypeError: Cannot read property 'classindex' of undefined\n    at Object.exports.postFavor (/Users/why/学习/Dian/大创项目/攻防实验系统/HUST_Info_Security_platform/models/exam_db.js:45:29)\n    at Object.exports.postFavor (/Users/why/学习/Dian/大创项目/攻防实验系统/HUST_Info_Security_platform/controllers/exam_controller.js:30:25)\n    at router.post (/Users/why/学习/Dian/大创项目/攻防实验系统/HUST_Info_Security_platform/routes/exam.js:63:41)\n    at Layer.handle [as handle_request] (/Users/why/学习/Dian/大创项目/攻防实验系统/HUST_Info_Security_platform/node_modules/express/lib/router/layer.js:95:5)\n    at next (/Users/why/学习/Dian/大创项目/攻防实验系统/HUST_Info_Security_platform/node_modules/express/lib/router/route.js:137:13)\n    at Route.dispatch (/Users/why/学习/Dian/大创项目/攻防实验系统/HUST_Info_Security_platform/node_modules/express/lib/router/route.js:112:3)\n    at Layer.handle [as handle_request] (/Users/why/学习/Dian/大创项目/攻防实验系统/HUST_Info_Security_platform/node_modules/express/lib/router/layer.js:95:5)\n    at /Users/why/学习/Dian/大创项目/攻防实验系统/HUST_Info_Security_platform/node_modules/express/lib/router/index.js:281:22\n    at param (/Users/why/学习/Dian/大创项目/攻防实验系统/HUST_Info_Security_platform/node_modules/express/lib/router/index.js:354:14)\n    at param (/Users/why/学习/Dian/大创项目/攻防实验系统/HUST_Info_Security_platform/node_modules/express/lib/router/index.js:365:14)","level":"error"}
{"message":"add favor error => TypeError: Cannot read property 'classindex' of undefined\n    at Object.exports.postFavor (/Users/why/学习/Dian/大创项目/攻防实验系统/HUST_Info_Security_platform/models/exam_db.js:45:29)\n    at Object.exports.postFavor (/Users/why/学习/Dian/大创项目/攻防实验系统/HUST_Info_Security_platform/controllers/exam_controller.js:30:25)\n    at router.post (/Users/why/学习/Dian/大创项目/攻防实验系统/HUST_Info_Security_platform/routes/exam.js:63:41)\n    at Layer.handle [as handle_request] (/Users/why/学习/Dian/大创项目/攻防实验系统/HUST_Info_Security_platform/node_modules/express/lib/router/layer.js:95:5)\n    at next (/Users/why/学习/Dian/大创项目/攻防实验系统/HUST_Info_Security_platform/node_modules/express/lib/router/route.js:137:13)\n    at Route.dispatch (/Users/why/学习/Dian/大创项目/攻防实验系统/HUST_Info_Security_platform/node_modules/express/lib/router/route.js:112:3)\n    at Layer.handle [as handle_request] (/Users/why/学习/Dian/大创项目/攻防实验系统/HUST_Info_Security_platform/node_modules/express/lib/router/layer.js:95:5)\n    at /Users/why/学习/Dian/大创项目/攻防实验系统/HUST_Info_Security_platform/node_modules/express/lib/router/index.js:281:22\n    at param (/Users/why/学习/Dian/大创项目/攻防实验系统/HUST_Info_Security_platform/node_modules/express/lib/router/index.js:354:14)\n    at param (/Users/why/学习/Dian/大创项目/攻防实验系统/HUST_Info_Security_platform/node_modules/express/lib/router/index.js:365:14)","level":"error"}
{"message":"add favor error => TypeError: Cannot read property 'classindex' of undefined\n    at Object.exports.postFavor (/Users/why/学习/Dian/大创项目/攻防实验系统/HUST_Info_Security_platform/models/exam_db.js:45:29)\n    at Object.exports.postFavor (/Users/why/学习/Dian/大创项目/攻防实验系统/HUST_Info_Security_platform/controllers/exam_controller.js:30:25)\n    at router.post (/Users/why/学习/Dian/大创项目/攻防实验系统/HUST_Info_Security_platform/routes/exam.js:63:41)\n    at Layer.handle [as handle_request] (/Users/why/学习/Dian/大创项目/攻防实验系统/HUST_Info_Security_platform/node_modules/express/lib/router/layer.js:95:5)\n    at next (/Users/why/学习/Dian/大创项目/攻防实验系统/HUST_Info_Security_platform/node_modules/express/lib/router/route.js:137:13)\n    at Route.dispatch (/Users/why/学习/Dian/大创项目/攻防实验系统/HUST_Info_Security_platform/node_modules/express/lib/router/route.js:112:3)\n    at Layer.handle [as handle_request] (/Users/why/学习/Dian/大创项目/攻防实验系统/HUST_Info_Security_platform/node_modules/express/lib/router/layer.js:95:5)\n    at /Users/why/学习/Dian/大创项目/攻防实验系统/HUST_Info_Security_platform/node_modules/express/lib/router/index.js:281:22\n    at param (/Users/why/学习/Dian/大创项目/攻防实验系统/HUST_Info_Security_platform/node_modules/express/lib/router/index.js:354:14)\n    at param (/Users/why/学习/Dian/大创项目/攻防实验系统/HUST_Info_Security_platform/node_modules/express/lib/router/index.js:365:14)","level":"error"}
{"message":"add favor error => TypeError: Cannot read property 'classindex' of undefined\n    at Object.exports.postFavor (/Users/why/学习/Dian/大创项目/攻防实验系统/HUST_Info_Security_platform/models/exam_db.js:45:29)\n    at Object.exports.postFavor (/Users/why/学习/Dian/大创项目/攻防实验系统/HUST_Info_Security_platform/controllers/exam_controller.js:30:25)\n    at router.post (/Users/why/学习/Dian/大创项目/攻防实验系统/HUST_Info_Security_platform/routes/exam.js:63:41)\n    at Layer.handle [as handle_request] (/Users/why/学习/Dian/大创项目/攻防实验系统/HUST_Info_Security_platform/node_modules/express/lib/router/layer.js:95:5)\n    at next (/Users/why/学习/Dian/大创项目/攻防实验系统/HUST_Info_Security_platform/node_modules/express/lib/router/route.js:137:13)\n    at Route.dispatch (/Users/why/学习/Dian/大创项目/攻防实验系统/HUST_Info_Security_platform/node_modules/express/lib/router/route.js:112:3)\n    at Layer.handle [as handle_request] (/Users/why/学习/Dian/大创项目/攻防实验系统/HUST_Info_Security_platform/node_modules/express/lib/router/layer.js:95:5)\n    at /Users/why/学习/Dian/大创项目/攻防实验系统/HUST_Info_Security_platform/node_modules/express/lib/router/index.js:281:22\n    at param (/Users/why/学习/Dian/大创项目/攻防实验系统/HUST_Info_Security_platform/node_modules/express/lib/router/index.js:354:14)\n    at param (/Users/why/学习/Dian/大创项目/攻防实验系统/HUST_Info_Security_platform/node_modules/express/lib/router/index.js:365:14)","level":"error"}
{"message":"add favor error => TypeError: Cannot read property 'classindex' of undefined\n    at Object.exports.postFavor (/Users/why/学习/Dian/大创项目/攻防实验系统/HUST_Info_Security_platform/models/exam_db.js:45:29)\n    at Object.exports.postFavor (/Users/why/学习/Dian/大创项目/攻防实验系统/HUST_Info_Security_platform/controllers/exam_controller.js:30:25)\n    at router.post (/Users/why/学习/Dian/大创项目/攻防实验系统/HUST_Info_Security_platform/routes/exam.js:63:41)\n    at Layer.handle [as handle_request] (/Users/why/学习/Dian/大创项目/攻防实验系统/HUST_Info_Security_platform/node_modules/express/lib/router/layer.js:95:5)\n    at next (/Users/why/学习/Dian/大创项目/攻防实验系统/HUST_Info_Security_platform/node_modules/express/lib/router/route.js:137:13)\n    at Route.dispatch (/Users/why/学习/Dian/大创项目/攻防实验系统/HUST_Info_Security_platform/node_modules/express/lib/router/route.js:112:3)\n    at Layer.handle [as handle_request] (/Users/why/学习/Dian/大创项目/攻防实验系统/HUST_Info_Security_platform/node_modules/express/lib/router/layer.js:95:5)\n    at /Users/why/学习/Dian/大创项目/攻防实验系统/HUST_Info_Security_platform/node_modules/express/lib/router/index.js:281:22\n    at param (/Users/why/学习/Dian/大创项目/攻防实验系统/HUST_Info_Security_platform/node_modules/express/lib/router/index.js:354:14)\n    at param (/Users/why/学习/Dian/大创项目/攻防实验系统/HUST_Info_Security_platform/node_modules/express/lib/router/index.js:365:14)","level":"error"}
{"message":"add favor error => TypeError: Cannot read property 'classindex' of undefined\n    at Object.exports.postFavor (/Users/why/学习/Dian/大创项目/攻防实验系统/HUST_Info_Security_platform/models/exam_db.js:45:29)\n    at Object.exports.postFavor (/Users/why/学习/Dian/大创项目/攻防实验系统/HUST_Info_Security_platform/controllers/exam_controller.js:30:25)\n    at router.post (/Users/why/学习/Dian/大创项目/攻防实验系统/HUST_Info_Security_platform/routes/exam.js:63:41)\n    at Layer.handle [as handle_request] (/Users/why/学习/Dian/大创项目/攻防实验系统/HUST_Info_Security_platform/node_modules/express/lib/router/layer.js:95:5)\n    at next (/Users/why/学习/Dian/大创项目/攻防实验系统/HUST_Info_Security_platform/node_modules/express/lib/router/route.js:137:13)\n    at Route.dispatch (/Users/why/学习/Dian/大创项目/攻防实验系统/HUST_Info_Security_platform/node_modules/express/lib/router/route.js:112:3)\n    at Layer.handle [as handle_request] (/Users/why/学习/Dian/大创项目/攻防实验系统/HUST_Info_Security_platform/node_modules/express/lib/router/layer.js:95:5)\n    at /Users/why/学习/Dian/大创项目/攻防实验系统/HUST_Info_Security_platform/node_modules/express/lib/router/index.js:281:22\n    at param (/Users/why/学习/Dian/大创项目/攻防实验系统/HUST_Info_Security_platform/node_modules/express/lib/router/index.js:354:14)\n    at param (/Users/why/学习/Dian/大创项目/攻防实验系统/HUST_Info_Security_platform/node_modules/express/lib/router/index.js:365:14)","level":"error"}
{"message":"controller error => Error: illegal class index detected\n    at Object.exports.createError (/Users/why/学习/Dian/大创项目/攻防实验系统/HUST_Info_Security_platform/utils/error_util.js:4:15)\n    at Object.exports.getFavor (/Users/why/学习/Dian/大创项目/攻防实验系统/HUST_Info_Security_platform/controllers/exam_controller.js:21:29)\n    at <anonymous>\n    at process._tickCallback (internal/process/next_tick.js:160:7)","level":"error"}
{"message":"add favor error => TypeError: Cannot read property 'classindex' of undefined\n    at Object.exports.postFavor (/Users/why/学习/Dian/大创项目/攻防实验系统/HUST_Info_Security_platform/models/exam_db.js:45:29)\n    at Object.exports.postFavor (/Users/why/学习/Dian/大创项目/攻防实验系统/HUST_Info_Security_platform/controllers/exam_controller.js:30:25)\n    at router.post (/Users/why/学习/Dian/大创项目/攻防实验系统/HUST_Info_Security_platform/routes/exam.js:63:41)\n    at Layer.handle [as handle_request] (/Users/why/学习/Dian/大创项目/攻防实验系统/HUST_Info_Security_platform/node_modules/express/lib/router/layer.js:95:5)\n    at next (/Users/why/学习/Dian/大创项目/攻防实验系统/HUST_Info_Security_platform/node_modules/express/lib/router/route.js:137:13)\n    at Route.dispatch (/Users/why/学习/Dian/大创项目/攻防实验系统/HUST_Info_Security_platform/node_modules/express/lib/router/route.js:112:3)\n    at Layer.handle [as handle_request] (/Users/why/学习/Dian/大创项目/攻防实验系统/HUST_Info_Security_platform/node_modules/express/lib/router/layer.js:95:5)\n    at /Users/why/学习/Dian/大创项目/攻防实验系统/HUST_Info_Security_platform/node_modules/express/lib/router/index.js:281:22\n    at param (/Users/why/学习/Dian/大创项目/攻防实验系统/HUST_Info_Security_platform/node_modules/express/lib/router/index.js:354:14)\n    at param (/Users/why/学习/Dian/大创项目/攻防实验系统/HUST_Info_Security_platform/node_modules/express/lib/router/index.js:365:14)","level":"error"}
{"message":"add favor result => {\n  \"classindex\": \"1\",\n  \"userid\": \"U201714635\",\n  \"favor\": true,\n  \"_id\": \"5b65194ad7a7fedde4c09013\"\n}","level":"info"}
{"message":"add favor result => {\n  \"classindex\": \"1\",\n  \"userid\": \"U201714635\",\n  \"favor\": true,\n  \"_id\": \"5b651961d7a7fedde4c09014\"\n}","level":"info"}
{"message":"add favor result => {\n  \"classindex\": \"1\",\n  \"userid\": \"U201714635\",\n  \"favor\": true,\n  \"_id\": \"5b651963d7a7fedde4c09015\"\n}","level":"info"}
{"message":"add favor result => {\n  \"classindex\": \"2\",\n  \"userid\": \"U201714635\",\n  \"favor\": true,\n  \"_id\": \"5b65239e62faf5f7e0a0bb05\"\n}","level":"info"}
{"message":"add favor result => {\n  \"classindex\": \"2\",\n  \"userid\": \"U201714635\",\n  \"favor\": true,\n  \"_id\": \"5b6523c7b0b8a1f8dcc0c605\"\n}","level":"info"}
{"message":"delete favor result => {\n  \"classindex\": \"2\",\n  \"userid\": \"U201714635\",\n  \"favor\": true\n}","level":"info"}
{"message":"add favor result => {\n  \"classindex\": \"2\",\n  \"userid\": \"U201714635\",\n  \"favor\": true,\n  \"_id\": \"5b6523d2b0b8a1f8dcc0c606\"\n}","level":"info"}
{"message":"add favor result => {\n  \"classindex\": \"2\",\n  \"userid\": \"U201714635\",\n  \"favor\": true,\n  \"_id\": \"5b6524233119d9f9df2af3db\"\n}","level":"info"}
{"message":"delete favor error => TypeError: exam.deleyeMany is not a function\n    at Object.exports.deleteFavor (/Users/why/学习/Dian/大创项目/攻防实验系统/HUST_Info_Security_platform/models/exam_db.js:78:10)\n    at Object.exports.deleteFavor (/Users/why/学习/Dian/大创项目/攻防实验系统/HUST_Info_Security_platform/controllers/exam_controller.js:48:29)\n    at <anonymous>\n    at process._tickCallback (internal/process/next_tick.js:160:7)","level":"error"}
{"message":"add favor result => {\n  \"classindex\": \"2\",\n  \"userid\": \"U201714635\",\n  \"favor\": true,\n  \"_id\": \"5b6524706453c9fabc17148c\"\n}","level":"info"}
{"message":"delete favor result => {\n  \"classindex\": \"2\",\n  \"userid\": \"U201714635\",\n  \"favor\": true\n}","level":"info"}
{"message":"add favor result => {\n  \"classindex\": \"2\",\n  \"userid\": \"U201714635\",\n  \"favor\": true,\n  \"_id\": \"5b6524786453c9fabc17148d\"\n}","level":"info"}
{"message":"delete favor result => {\n  \"classindex\": \"2\",\n  \"userid\": \"U201714635\",\n  \"favor\": true\n}","level":"info"}
{"message":"add favor result => {\n  \"classindex\": \"2\",\n  \"userid\": \"U201714635\",\n  \"favor\": true,\n  \"_id\": \"5b6524926453c9fabc17148e\"\n}","level":"info"}
{"message":"add favor result => {\n  \"classindex\": \"2\",\n  \"userid\": \"U201714635\",\n  \"favor\": true,\n  \"_id\": \"5b6524d73f3c3afbdffe89e8\"\n}","level":"info"}
{"message":"add favor result => {\n  \"classindex\": \"2\",\n  \"userid\": \"U201714635\",\n  \"favor\": true,\n  \"_id\": \"5b6524fb3f3c3afbdffe89e9\"\n}","level":"info"}
{"message":"delete favor result => {\n  \"classindex\": \"2\",\n  \"userid\": \"U201714635\",\n  \"favor\": true\n}","level":"info"}
{"message":"add favor result => {\n  \"classindex\": \"2\",\n  \"userid\": \"U201714635\",\n  \"favor\": true,\n  \"_id\": \"5b6524ff3f3c3afbdffe89ea\"\n}","level":"info"}
{"message":"add favor result => {\n  \"type\": \"student-favor\",\n  \"classindex\": \"2\",\n  \"userid\": \"U201714635\",\n  \"favor\": true,\n  \"_id\": \"5b65253309d1b5fce8fd4400\"\n}","level":"info"}
{"message":"add favor result => {\n  \"type\": \"student-favor\",\n  \"classindex\": \"1\",\n  \"userid\": \"U201714635\",\n  \"favor\": true,\n  \"_id\": \"5b65255341b715fd502924ec\"\n}","level":"info"}
{"message":"delete favor result => {\n  \"classindex\": \"2\",\n  \"userid\": \"U201714635\",\n  \"favor\": true\n}","level":"info"}
{"message":"add favor result => {\n  \"type\": \"student-favor\",\n  \"classindex\": \"2\",\n  \"userid\": \"U201714635\",\n  \"favor\": true,\n  \"_id\": \"5b65256641b715fd502924ed\"\n}","level":"info"}
{"message":"delete favor result => {\n  \"classindex\": \"2\",\n  \"userid\": \"U201714635\",\n  \"favor\": true\n}","level":"info"}
{"message":"add favor result => {\n  \"type\": \"student-favor\",\n  \"classindex\": \"2\",\n  \"userid\": \"U201714635\",\n  \"favor\": true,\n  \"_id\": \"5b65256741b715fd502924ee\"\n}","level":"info"}
{"message":"delete favor result => {\n  \"classindex\": \"2\",\n  \"userid\": \"U201714635\",\n  \"favor\": true\n}","level":"info"}
{"message":"add favor result => {\n  \"type\": \"student-favor\",\n  \"classindex\": \"2\",\n  \"userid\": \"U201714635\",\n  \"favor\": true,\n  \"_id\": \"5b65256a41b715fd502924ef\"\n}","level":"info"}
{"message":"delete favor result => {\n  \"classindex\": \"2\",\n  \"userid\": \"U201714635\",\n  \"favor\": true\n}","level":"info"}
{"message":"add favor result => {\n  \"type\": \"student-favor\",\n  \"classindex\": \"2\",\n  \"userid\": \"U201714635\",\n  \"favor\": true,\n  \"_id\": \"5b65257041b715fd502924f0\"\n}","level":"info"}
{"message":"delete favor result => {\n  \"classindex\": \"1\",\n  \"userid\": \"U201714635\",\n  \"favor\": true\n}","level":"info"}
{"message":"add favor result => {\n  \"type\": \"student-favor\",\n  \"classindex\": \"1\",\n  \"userid\": \"U201714635\",\n  \"favor\": true,\n  \"_id\": \"5b65257641b715fd502924f1\"\n}","level":"info"}
{"message":"delete favor result => {\n  \"classindex\": \"1\",\n  \"userid\": \"U201714635\",\n  \"favor\": true\n}","level":"info"}
{"message":"delete favor result => {\n  \"classindex\": \"2\",\n  \"userid\": \"U201714635\",\n  \"favor\": true\n}","level":"info"}
{"message":"controller error => Error: illegal class index detected\n    at Object.exports.createError (/Users/why/学习/Dian/大创项目/攻防实验系统/HUST_Info_Security_platform/utils/error_util.js:4:15)\n    at Object.exports.getFavor (/Users/why/学习/Dian/大创项目/攻防实验系统/HUST_Info_Security_platform/controllers/exam_controller.js:21:29)\n    at <anonymous>\n    at process._tickCallback (internal/process/next_tick.js:160:7)","level":"error"}
{"message":"controller error => Error: illegal class index detected\n    at Object.exports.createError (/Users/why/学习/Dian/大创项目/攻防实验系统/HUST_Info_Security_platform/utils/error_util.js:4:15)\n    at Object.exports.postFavor (/Users/why/学习/Dian/大创项目/攻防实验系统/HUST_Info_Security_platform/controllers/exam_controller.js:32:29)\n    at <anonymous>\n    at process._tickCallback (internal/process/next_tick.js:160:7)","level":"error"}
{"message":"add favor result => false","level":"info"}
{"message":"controller error => Error: illegal class index detected\n    at Object.exports.createError (/Users/why/学习/Dian/大创项目/攻防实验系统/HUST_Info_Security_platform/utils/error_util.js:4:15)\n    at Object.exports.deleteFavor (/Users/why/学习/Dian/大创项目/攻防实验系统/HUST_Info_Security_platform/controllers/exam_controller.js:44:29)\n    at <anonymous>\n    at process._tickCallback (internal/process/next_tick.js:160:7)","level":"error"}
{"message":"delete favor result => false","level":"info"}
{"message":"controller error => Error: illegal class index detected\n    at Object.exports.createError (/Users/why/学习/Dian/大创项目/攻防实验系统/HUST_Info_Security_platform/utils/error_util.js:4:15)\n    at Object.exports.postFavor (/Users/why/学习/Dian/大创项目/攻防实验系统/HUST_Info_Security_platform/controllers/exam_controller.js:32:29)\n    at <anonymous>\n    at process._tickCallback (internal/process/next_tick.js:160:7)","level":"error"}
{"message":"add favor result => false","level":"info"}
{"message":"controller error => Error: illegal class index detected\n    at Object.exports.createError (/Users/why/学习/Dian/大创项目/攻防实验系统/HUST_Info_Security_platform/utils/error_util.js:4:15)\n    at Object.exports.deleteFavor (/Users/why/学习/Dian/大创项目/攻防实验系统/HUST_Info_Security_platform/controllers/exam_controller.js:44:29)\n    at <anonymous>\n    at process._tickCallback (internal/process/next_tick.js:160:7)","level":"error"}
{"message":"delete favor result => false","level":"info"}
{"message":"controller error => Error: illegal class index detected\n    at Object.exports.createError (/Users/why/学习/Dian/大创项目/攻防实验系统/HUST_Info_Security_platform/utils/error_util.js:4:15)\n    at Object.exports.postFavor (/Users/why/学习/Dian/大创项目/攻防实验系统/HUST_Info_Security_platform/controllers/exam_controller.js:32:29)\n    at <anonymous>\n    at process._tickCallback (internal/process/next_tick.js:160:7)","level":"error"}
{"message":"add favor result => false","level":"info"}
{"message":"controller error => Error: illegal class index detected\n    at Object.exports.createError (/Users/why/学习/Dian/大创项目/攻防实验系统/HUST_Info_Security_platform/utils/error_util.js:4:15)\n    at Object.exports.getFavor (/Users/why/学习/Dian/大创项目/攻防实验系统/HUST_Info_Security_platform/controllers/exam_controller.js:21:29)\n    at <anonymous>\n    at process._tickCallback (internal/process/next_tick.js:160:7)","level":"error"}
{"message":"delete favor result => {\n  \"classindex\": \"1\",\n  \"userid\": \"U201714635\",\n  \"favor\": true\n}","level":"info"}
{"message":"delete favor result => {\n  \"classindex\": \"1\",\n  \"userid\": \"U201714635\",\n  \"favor\": true\n}","level":"info"}
{"message":"add favor result => {\n  \"type\": \"student-favor\",\n  \"classindex\": \"1\",\n  \"userid\": \"U201714635\",\n  \"favor\": true,\n  \"_id\": \"5b655e0d2674997f87464754\"\n}","level":"info"}
{"message":"delete favor result => {\n  \"classindex\": \"1\",\n  \"userid\": \"U201714635\",\n  \"favor\": true\n}","level":"info"}
{"message":"add favor result => {\n  \"type\": \"student-favor\",\n  \"classindex\": \"1\",\n  \"userid\": \"U201714635\",\n  \"favor\": true,\n  \"_id\": \"5b655e0f2674997f87464755\"\n}","level":"info"}
{"message":"delete favor result => {\n  \"classindex\": \"1\",\n  \"userid\": \"U201714635\",\n  \"favor\": true\n}","level":"info"}
{"message":"add favor result => {\n  \"type\": \"student-favor\",\n  \"classindex\": \"1\",\n  \"userid\": \"U201714635\",\n  \"favor\": true,\n  \"_id\": \"5b655e1b2674997f87464756\"\n}","level":"info"}
{"message":"delete favor result => {\n  \"classindex\": \"1\",\n  \"userid\": \"U201714635\",\n  \"favor\": true\n}","level":"info"}
{"message":"add favor result => {\n  \"type\": \"student-favor\",\n  \"classindex\": \"1\",\n  \"userid\": \"U201714635\",\n  \"favor\": true,\n  \"_id\": \"5b655e732674997f87464757\"\n}","level":"info"}
{"message":"add favor result => {\n  \"type\": \"student-favor\",\n  \"classindex\": \"2\",\n  \"userid\": \"U201714635\",\n  \"favor\": true,\n  \"_id\": \"5b655ede2674997f87464758\"\n}","level":"info"}
{"message":"delete favor result => {\n  \"classindex\": \"1\",\n  \"userid\": \"U201714635\",\n  \"favor\": true\n}","level":"info"}
{"message":"add favor result => {\n  \"type\": \"student-favor\",\n  \"classindex\": \"1\",\n  \"userid\": \"U201714635\",\n  \"favor\": true,\n  \"_id\": \"5b655f372674997f87464759\"\n}","level":"info"}
{"message":"delete favor result => {\n  \"classindex\": \"2\",\n  \"userid\": \"U201714635\",\n  \"favor\": true\n}","level":"info"}
{"message":"add favor result => {\n  \"type\": \"student-favor\",\n  \"classindex\": \"2\",\n  \"userid\": \"U201714635\",\n  \"favor\": true,\n  \"_id\": \"5b6562552674997f8746475a\"\n}","level":"info"}
{"message":"delete favor result => {\n  \"classindex\": \"2\",\n  \"userid\": \"U201714635\",\n  \"favor\": true\n}","level":"info"}
{"message":"add favor result => {\n  \"type\": \"student-favor\",\n  \"classindex\": \"2\",\n  \"userid\": \"U201714635\",\n  \"favor\": true,\n  \"_id\": \"5b6562e32674997f8746475b\"\n}","level":"info"}
{"message":"delete favor result => {\n  \"classindex\": \"2\",\n  \"userid\": \"U201714635\",\n  \"favor\": true\n}","level":"info"}
{"message":"delete favor result => {\n  \"classindex\": \"1\",\n  \"userid\": \"U201714635\",\n  \"favor\": true\n}","level":"info"}
{"message":"add favor result => {\n  \"type\": \"student-favor\",\n  \"classindex\": \"1\",\n  \"userid\": \"U201714635\",\n  \"favor\": true,\n  \"_id\": \"5b65633984381a07f53eaa75\"\n}","level":"info"}
{"message":"delete favor result => {\n  \"classindex\": \"1\",\n  \"userid\": \"U201714635\",\n  \"favor\": true\n}","level":"info"}
{"message":"add favor result => {\n  \"type\": \"student-favor\",\n  \"classindex\": \"1\",\n  \"userid\": \"U201714635\",\n  \"favor\": true,\n  \"_id\": \"5b65633a84381a07f53eaa76\"\n}","level":"info"}
{"message":"delete favor result => {\n  \"classindex\": \"1\",\n  \"userid\": \"U201714635\",\n  \"favor\": true\n}","level":"info"}
{"message":"add favor result => {\n  \"type\": \"student-favor\",\n  \"classindex\": \"1\",\n  \"userid\": \"U201714635\",\n  \"favor\": true,\n  \"_id\": \"5b65633b84381a07f53eaa77\"\n}","level":"info"}
{"message":"delete favor result => {\n  \"classindex\": \"1\",\n  \"userid\": \"U201714635\",\n  \"favor\": true\n}","level":"info"}
{"message":"add favor result => {\n  \"type\": \"student-favor\",\n  \"classindex\": \"1\",\n  \"userid\": \"U201714635\",\n  \"favor\": true,\n  \"_id\": \"5b65633b84381a07f53eaa78\"\n}","level":"info"}
{"message":"delete favor result => {\n  \"classindex\": \"1\",\n  \"userid\": \"U201714635\",\n  \"favor\": true\n}","level":"info"}
{"message":"add favor result => {\n  \"type\": \"student-favor\",\n  \"classindex\": \"1\",\n  \"userid\": \"U201714635\",\n  \"favor\": true,\n  \"_id\": \"5b65656b84381a07f53eaa79\"\n}","level":"info"}
{"message":"add favor result => {\n  \"type\": \"student-favor\",\n  \"classindex\": \"2\",\n  \"userid\": \"U201714635\",\n  \"favor\": true,\n  \"_id\": \"5b65657284381a07f53eaa7a\"\n}","level":"info"}
{"message":"delete favor result => {\n  \"classindex\": \"1\",\n  \"userid\": \"U201714635\",\n  \"favor\": true\n}","level":"info"}
{"message":"delete favor result => {\n  \"classindex\": \"2\",\n  \"userid\": \"U201714635\",\n  \"favor\": true\n}","level":"info"}
{"message":"add favor result => {\n  \"type\": \"student-favor\",\n  \"classindex\": \"2\",\n  \"userid\": \"U201714635\",\n  \"favor\": true,\n  \"_id\": \"5b65657d84381a07f53eaa7b\"\n}","level":"info"}
{"message":"add favor result => {\n  \"type\": \"student-favor\",\n  \"classindex\": \"2\",\n  \"userid\": \"U201714635\",\n  \"favor\": true,\n  \"_id\": \"5b65657e84381a07f53eaa7c\"\n}","level":"info"}
{"message":"delete favor result => {\n  \"classindex\": \"2\",\n  \"userid\": \"U201714635\",\n  \"favor\": true\n}","level":"info"}
{"message":"delete favor result => {\n  \"classindex\": \"2\",\n  \"userid\": \"U201714635\",\n  \"favor\": true\n}","level":"info"}
{"message":"delete favor result => {\n  \"classindex\": \"2\",\n  \"userid\": \"U201714635\",\n  \"favor\": true\n}","level":"info"}
{"message":"delete favor result => {\n  \"classindex\": \"2\",\n  \"userid\": \"U201714635\",\n  \"favor\": true\n}","level":"info"}
{"message":"delete favor result => {\n  \"classindex\": \"2\",\n  \"userid\": \"U201714635\",\n  \"favor\": true\n}","level":"info"}
{"message":"delete favor result => {\n  \"classindex\": \"2\",\n  \"userid\": \"U201714635\",\n  \"favor\": true\n}","level":"info"}
{"message":"delete favor result => {\n  \"classindex\": \"2\",\n  \"userid\": \"U201714635\",\n  \"favor\": true\n}","level":"info"}
{"message":"delete favor result => {\n  \"classindex\": \"2\",\n  \"userid\": \"U201714635\",\n  \"favor\": true\n}","level":"info"}
{"message":"delete favor result => {\n  \"classindex\": \"2\",\n  \"userid\": \"U201714635\",\n  \"favor\": true\n}","level":"info"}
{"message":"delete favor result => {\n  \"classindex\": \"2\",\n  \"userid\": \"U201714635\",\n  \"favor\": true\n}","level":"info"}
{"message":"delete favor result => {\n  \"classindex\": \"2\",\n  \"userid\": \"U201714635\",\n  \"favor\": true\n}","level":"info"}
{"message":"delete favor result => {\n  \"classindex\": \"2\",\n  \"userid\": \"U201714635\",\n  \"favor\": true\n}","level":"info"}
{"message":"delete favor result => {\n  \"classindex\": \"1\",\n  \"userid\": \"U201714635\",\n  \"favor\": true\n}","level":"info"}
{"message":"delete favor result => {\n  \"classindex\": \"1\",\n  \"userid\": \"U201714635\",\n  \"favor\": true\n}","level":"info"}
{"message":"delete favor result => {\n  \"classindex\": \"1\",\n  \"userid\": \"U201714635\",\n  \"favor\": true\n}","level":"info"}
{"message":"delete favor result => {\n  \"classindex\": \"1\",\n  \"userid\": \"U201714635\",\n  \"favor\": true\n}","level":"info"}
{"message":"delete favor result => {\n  \"classindex\": \"1\",\n  \"userid\": \"U201714635\",\n  \"favor\": true\n}","level":"info"}
{"message":"delete favor result => {\n  \"classindex\": \"1\",\n  \"userid\": \"U201714635\",\n  \"favor\": true\n}","level":"info"}
{"message":"delete favor result => {\n  \"classindex\": \"1\",\n  \"userid\": \"U201714635\",\n  \"favor\": true\n}","level":"info"}
{"message":"add favor result => {\n  \"type\": \"student-favor\",\n  \"classindex\": \"1\",\n  \"userid\": \"U201714635\",\n  \"favor\": true,\n  \"_id\": \"5b65668484381a07f53eaa7d\"\n}","level":"info"}
{"message":"add favor result => {\n  \"type\": \"student-favor\",\n  \"classindex\": \"1\",\n  \"userid\": \"U201714635\",\n  \"favor\": true,\n  \"_id\": \"5b65668584381a07f53eaa7e\"\n}","level":"info"}
{"message":"add favor result => {\n  \"type\": \"student-favor\",\n  \"classindex\": \"1\",\n  \"userid\": \"U201714635\",\n  \"favor\": true,\n  \"_id\": \"5b65668584381a07f53eaa7f\"\n}","level":"info"}
{"message":"add favor result => {\n  \"type\": \"student-favor\",\n  \"classindex\": \"1\",\n  \"userid\": \"U201714635\",\n  \"favor\": true,\n  \"_id\": \"5b65668684381a07f53eaa80\"\n}","level":"info"}
{"message":"add favor result => {\n  \"type\": \"student-favor\",\n  \"classindex\": \"1\",\n  \"userid\": \"U201714635\",\n  \"favor\": true,\n  \"_id\": \"5b65668684381a07f53eaa81\"\n}","level":"info"}
{"message":"add favor result => {\n  \"type\": \"student-favor\",\n  \"classindex\": \"1\",\n  \"userid\": \"U201714635\",\n  \"favor\": true,\n  \"_id\": \"5b65668684381a07f53eaa82\"\n}","level":"info"}
{"message":"delete favor result => {\n  \"classindex\": \"1\",\n  \"userid\": \"U201714635\",\n  \"favor\": true\n}","level":"info"}
{"message":"delete favor result => {\n  \"classindex\": \"1\",\n  \"userid\": \"U201714635\",\n  \"favor\": true\n}","level":"info"}
{"message":"delete favor result => {\n  \"classindex\": \"1\",\n  \"userid\": \"U201714635\",\n  \"favor\": true\n}","level":"info"}
{"message":"delete favor result => {\n  \"classindex\": \"1\",\n  \"userid\": \"U201714635\",\n  \"favor\": true\n}","level":"info"}
{"message":"delete favor result => {\n  \"classindex\": \"1\",\n  \"userid\": \"U201714635\",\n  \"favor\": true\n}","level":"info"}
{"message":"delete favor result => {\n  \"classindex\": \"1\",\n  \"userid\": \"U201714635\",\n  \"favor\": true\n}","level":"info"}
{"message":"delete favor result => {\n  \"classindex\": \"1\",\n  \"userid\": \"U201714635\",\n  \"favor\": true\n}","level":"info"}
{"message":"delete favor result => {\n  \"classindex\": \"1\",\n  \"userid\": \"U201714635\",\n  \"favor\": true\n}","level":"info"}
{"message":"delete favor result => {\n  \"classindex\": \"2\",\n  \"userid\": \"U201714635\",\n  \"favor\": true\n}","level":"info"}
{"message":"delete favor result => {\n  \"classindex\": \"2\",\n  \"userid\": \"U201714635\",\n  \"favor\": true\n}","level":"info"}
{"message":"delete favor result => {\n  \"classindex\": \"2\",\n  \"userid\": \"U201714635\",\n  \"favor\": true\n}","level":"info"}
{"message":"delete favor result => {\n  \"classindex\": \"2\",\n  \"userid\": \"U201714635\",\n  \"favor\": true\n}","level":"info"}
{"message":"delete favor result => {\n  \"classindex\": \"2\",\n  \"userid\": \"U201714635\",\n  \"favor\": true\n}","level":"info"}
{"message":"delete favor result => {\n  \"classindex\": \"2\",\n  \"userid\": \"U201714635\",\n  \"favor\": true\n}","level":"info"}
{"message":"delete favor result => {\n  \"classindex\": \"2\",\n  \"userid\": \"U201714635\",\n  \"favor\": true\n}","level":"info"}
{"message":"delete favor result => {\n  \"classindex\": \"1\",\n  \"userid\": \"U201714635\",\n  \"favor\": true\n}","level":"info"}
{"message":"delete favor result => {\n  \"classindex\": \"1\",\n  \"userid\": \"U201714635\",\n  \"favor\": true\n}","level":"info"}
{"message":"add favor result => {\n  \"type\": \"student-favor\",\n  \"classindex\": \"1\",\n  \"userid\": \"U201714635\",\n  \"favor\": true,\n  \"_id\": \"5b656bd23649f11f092d8c8f\"\n}","level":"info"}
{"message":"add favor result => {\n  \"type\": \"student-favor\",\n  \"classindex\": \"1\",\n  \"userid\": \"U201714635\",\n  \"favor\": true,\n  \"_id\": \"5b656c513649f11f092d8c90\"\n}","level":"info"}
{"message":"add favor result => {\n  \"type\": \"student-favor\",\n  \"classindex\": \"1\",\n  \"userid\": \"U201714635\",\n  \"favor\": true,\n  \"_id\": \"5b656c513649f11f092d8c91\"\n}","level":"info"}
{"message":"add favor result => {\n  \"type\": \"student-favor\",\n  \"classindex\": \"1\",\n  \"userid\": \"U201714635\",\n  \"favor\": true,\n  \"_id\": \"5b656c523649f11f092d8c92\"\n}","level":"info"}
{"message":"add favor result => {\n  \"type\": \"student-favor\",\n  \"classindex\": \"1\",\n  \"userid\": \"U201714635\",\n  \"favor\": true,\n  \"_id\": \"5b656c523649f11f092d8c93\"\n}","level":"info"}
{"message":"add favor result => {\n  \"type\": \"student-favor\",\n  \"classindex\": \"1\",\n  \"userid\": \"U201714635\",\n  \"favor\": true,\n  \"_id\": \"5b656c733649f11f092d8c94\"\n}","level":"info"}
{"message":"delete favor result => {\n  \"classindex\": \"1\",\n  \"userid\": \"U201714635\",\n  \"favor\": true\n}","level":"info"}
{"message":"delete favor result => {\n  \"classindex\": \"1\",\n  \"userid\": \"U201714635\",\n  \"favor\": true\n}","level":"info"}
{"message":"add favor result => {\n  \"type\": \"student-favor\",\n  \"classindex\": \"1\",\n  \"userid\": \"U201714635\",\n  \"favor\": true,\n  \"_id\": \"5b656cbd3649f11f092d8c95\"\n}","level":"info"}
{"message":"delete favor result => {\n  \"classindex\": \"1\",\n  \"userid\": \"U201714635\",\n  \"favor\": true\n}","level":"info"}
{"message":"delete favor result => {\n  \"classindex\": \"1\",\n  \"userid\": \"U201714635\",\n  \"favor\": true\n}","level":"info"}
{"message":"delete favor result => {\n  \"classindex\": \"1\",\n  \"userid\": \"U201714635\",\n  \"favor\": true\n}","level":"info"}
{"message":"delete favor result => {\n  \"classindex\": \"1\",\n  \"userid\": \"U201714635\",\n  \"favor\": true\n}","level":"info"}
{"message":"delete favor result => {\n  \"classindex\": \"1\",\n  \"userid\": \"U201714635\",\n  \"favor\": true\n}","level":"info"}
{"message":"add favor result => {\n  \"type\": \"student-favor\",\n  \"classindex\": \"1\",\n  \"userid\": \"U201714635\",\n  \"favor\": true,\n  \"_id\": \"5b656cfa3649f11f092d8c96\"\n}","level":"info"}
{"message":"delete favor result => {\n  \"classindex\": \"1\",\n  \"userid\": \"U201714635\",\n  \"favor\": true\n}","level":"info"}
{"message":"delete favor result => {\n  \"classindex\": \"1\",\n  \"userid\": \"U201714635\",\n  \"favor\": true\n}","level":"info"}
{"message":"delete favor result => {\n  \"classindex\": \"1\",\n  \"userid\": \"U201714635\",\n  \"favor\": true\n}","level":"info"}
{"message":"add favor result => {\n  \"type\": \"student-favor\",\n  \"classindex\": \"1\",\n  \"userid\": \"U201714635\",\n  \"favor\": true,\n  \"_id\": \"5b656d433649f11f092d8c97\"\n}","level":"info"}
{"message":"delete favor result => {\n  \"classindex\": \"1\",\n  \"userid\": \"U201714635\",\n  \"favor\": true\n}","level":"info"}
{"message":"add favor result => {\n  \"type\": \"student-favor\",\n  \"classindex\": \"2\",\n  \"userid\": \"U201714635\",\n  \"favor\": true,\n  \"_id\": \"5b656d503649f11f092d8c98\"\n}","level":"info"}
{"message":"add favor result => {\n  \"type\": \"student-favor\",\n  \"classindex\": \"1\",\n  \"userid\": \"U201714635\",\n  \"favor\": true,\n  \"_id\": \"5b656d533649f11f092d8c99\"\n}","level":"info"}
{"message":"delete favor result => {\n  \"classindex\": \"1\",\n  \"userid\": \"U201714635\",\n  \"favor\": true\n}","level":"info"}
{"message":"delete favor result => {\n  \"classindex\": \"2\",\n  \"userid\": \"U201714635\",\n  \"favor\": true\n}","level":"info"}
{"message":"add favor result => {\n  \"type\": \"student-favor\",\n  \"classindex\": \"2\",\n  \"userid\": \"U201714635\",\n  \"favor\": true,\n  \"_id\": \"5b6574b33649f11f092d8c9a\"\n}","level":"info"}
{"message":"add favor result => {\n  \"type\": \"student-favor\",\n  \"classindex\": \"1\",\n  \"userid\": \"U201714635\",\n  \"favor\": true,\n  \"_id\": \"5b6574b63649f11f092d8c9b\"\n}","level":"info"}
{"message":"delete favor result => {\n  \"classindex\": \"1\",\n  \"userid\": \"U201714635\",\n  \"favor\": true\n}","level":"info"}
{"message":"add favor result => {\n  \"type\": \"student-favor\",\n  \"classindex\": \"1\",\n  \"userid\": \"U201714635\",\n  \"favor\": true,\n  \"_id\": \"5b6574bd3649f11f092d8c9c\"\n}","level":"info"}
{"message":"delete favor result => {\n  \"classindex\": \"2\",\n  \"userid\": \"U201714635\",\n  \"favor\": true\n}","level":"info"}
{"message":"delete favor result => {\n  \"classindex\": \"1\",\n  \"userid\": \"U201714635\",\n  \"favor\": true\n}","level":"info"}
{"message":"add favor result => {\n  \"type\": \"student-favor\",\n  \"classindex\": \"1\",\n  \"userid\": \"U201714635\",\n  \"favor\": true,\n  \"_id\": \"5b6577633649f11f092d8c9d\"\n}","level":"info"}
{"message":"delete favor result => {\n  \"classindex\": \"1\",\n  \"userid\": \"U201714635\",\n  \"favor\": true\n}","level":"info"}
{"message":"controller error => Error: illegal class index detected\n    at Object.exports.createError (/Users/why/学习/Dian/大创项目/攻防实验系统/HUST_Info_Security_platform/utils/error_util.js:4:15)\n    at Object.exports.getFavor (/Users/why/学习/Dian/大创项目/攻防实验系统/HUST_Info_Security_platform/controllers/exam_controller.js:23:29)\n    at <anonymous>\n    at process._tickCallback (internal/process/next_tick.js:160:7)","level":"error"}
{"message":"controller error => Error: illegal class index detected\n    at Object.exports.createError (/Users/why/学习/Dian/大创项目/攻防实验系统/HUST_Info_Security_platform/utils/error_util.js:4:15)\n    at Object.exports.postFavor (/Users/why/学习/Dian/大创项目/攻防实验系统/HUST_Info_Security_platform/controllers/exam_controller.js:34:29)\n    at <anonymous>\n    at process._tickCallback (internal/process/next_tick.js:160:7)","level":"error"}
{"message":"add favor result => false","level":"info"}
{"message":"controller error => Error: illegal class index detected\n    at Object.exports.createError (/Users/why/学习/Dian/大创项目/攻防实验系统/HUST_Info_Security_platform/utils/error_util.js:4:15)\n    at Object.exports.getFavor (/Users/why/学习/Dian/大创项目/攻防实验系统/HUST_Info_Security_platform/controllers/exam_controller.js:23:29)\n    at <anonymous>\n    at process._tickCallback (internal/process/next_tick.js:160:7)","level":"error"}
{"message":"controller error => Error: illegal class index detected\n    at Object.exports.createError (/Users/why/学习/Dian/大创项目/攻防实验系统/HUST_Info_Security_platform/utils/error_util.js:4:15)\n    at Object.exports.getFavor (/Users/why/学习/Dian/大创项目/攻防实验系统/HUST_Info_Security_platform/controllers/exam_controller.js:23:29)\n    at <anonymous>\n    at process._tickCallback (internal/process/next_tick.js:160:7)","level":"error"}
{"message":"controller error => Error: illegal class index detected\n    at Object.exports.createError (/Users/why/学习/Dian/大创项目/攻防实验系统/HUST_Info_Security_platform/utils/error_util.js:4:15)\n    at Object.exports.getFavor (/Users/why/学习/Dian/大创项目/攻防实验系统/HUST_Info_Security_platform/controllers/exam_controller.js:23:29)\n    at <anonymous>\n    at process._tickCallback (internal/process/next_tick.js:160:7)","level":"error"}
{"message":"controller error => Error: illegal class index detected\n    at Object.exports.createError (/Users/why/学习/Dian/大创项目/攻防实验系统/HUST_Info_Security_platform/utils/error_util.js:4:15)\n    at Object.exports.postFavor (/Users/why/学习/Dian/大创项目/攻防实验系统/HUST_Info_Security_platform/controllers/exam_controller.js:34:29)\n    at <anonymous>\n    at process._tickCallback (internal/process/next_tick.js:160:7)","level":"error"}
{"message":"add favor result => false","level":"info"}
{"message":"controller error => Error: illegal class index detected\n    at Object.exports.createError (/Users/why/学习/Dian/大创项目/攻防实验系统/HUST_Info_Security_platform/utils/error_util.js:4:15)\n    at Object.exports.getFavor (/Users/why/学习/Dian/大创项目/攻防实验系统/HUST_Info_Security_platform/controllers/exam_controller.js:23:29)\n    at <anonymous>\n    at process._tickCallback (internal/process/next_tick.js:160:7)","level":"error"}
{"message":"add favor result => {\n  \"type\": \"student-favor\",\n  \"userid\": \"U201714635\",\n  \"favor\": true,\n  \"_id\": \"5b657ab0da3fe144db81a8d9\"\n}","level":"info"}
{"message":"delete favor result => {\n  \"userid\": \"U201714635\",\n  \"favor\": true\n}","level":"info"}
{"message":"add favor result => {\n  \"type\": \"student-favor\",\n  \"userid\": \"U201714635\",\n  \"favor\": true,\n  \"_id\": \"5b657ac0da3fe144db81a8da\"\n}","level":"info"}
{"message":"delete favor result => {\n  \"userid\": \"U201714635\",\n  \"favor\": true\n}","level":"info"}
{"message":"add favor result => {\n  \"type\": \"student-favor\",\n  \"userid\": \"U201714635\",\n  \"favor\": true,\n  \"_id\": \"5b657b01da3fe144db81a8db\"\n}","level":"info"}
{"message":"delete favor result => {\n  \"userid\": \"U201714635\",\n  \"favor\": true\n}","level":"info"}
{"message":"add favor result => {\n  \"type\": \"student-favor\",\n  \"userid\": \"U201714635\",\n  \"favor\": true,\n  \"_id\": \"5b657b89da3fe144db81a8dc\"\n}","level":"info"}
{"message":"add favor result => {\n  \"type\": \"student-favor\",\n  \"taskindex\": \"1\",\n  \"userid\": \"U201714635\",\n  \"favor\": true,\n  \"_id\": \"5b657baf5b8038475a0fe91f\"\n}","level":"info"}
{"message":"add favor result => {\n  \"type\": \"student-favor\",\n  \"taskindex\": \"2\",\n  \"userid\": \"U201714635\",\n  \"favor\": true,\n  \"_id\": \"5b657c145b8038475a0fe920\"\n}","level":"info"}
{"message":"delete favor result => {\n  \"taskindex\": \"2\",\n  \"userid\": \"U201714635\",\n  \"favor\": true\n}","level":"info"}
{"message":"delete favor result => {\n  \"taskindex\": \"1\",\n  \"userid\": \"U201714635\",\n  \"favor\": true\n}","level":"info"}
{"message":"add favor result => {\n  \"type\": \"student-favor\",\n  \"taskindex\": \"1\",\n  \"userid\": \"U201714635\",\n  \"favor\": true,\n  \"_id\": \"5b658e7b5b8038475a0fe921\"\n}","level":"info"}
{"message":"delete favor result => {\n  \"taskindex\": \"1\",\n  \"userid\": \"U201714635\",\n  \"favor\": true\n}","level":"info"}
{"message":"add favor result => {\n  \"type\": \"student-favor\",\n  \"taskindex\": \"1\",\n  \"userid\": \"U201714635\",\n  \"favor\": true,\n  \"_id\": \"5b65917f5b8038475a0fe922\"\n}","level":"info"}
{"message":"delete favor result => {\n  \"taskindex\": \"1\",\n  \"userid\": \"U201714635\",\n  \"favor\": true\n}","level":"info"}
{"message":"add favor result => {\n  \"type\": \"student-favor\",\n  \"taskindex\": \"1\",\n  \"userid\": \"U201714635\",\n  \"favor\": true,\n  \"_id\": \"5b65c9f67032fff6bf92b5ef\"\n}","level":"info"}
{"message":"add favor result => {\n  \"type\": \"student-favor\",\n  \"taskindex\": \"1\",\n  \"userid\": \"U201714635\",\n  \"favor\": true,\n  \"_id\": \"5b65c9f77032fff6bf92b5f0\"\n}","level":"info"}
{"message":"add favor result => {\n  \"type\": \"student-favor\",\n  \"taskindex\": \"1\",\n  \"userid\": \"U201714635\",\n  \"favor\": true,\n  \"_id\": \"5b65c9fb7032fff6bf92b5f1\"\n}","level":"info"}
{"message":"delete favor result => {\n  \"taskindex\": \"1\",\n  \"userid\": \"U201714635\",\n  \"favor\": true\n}","level":"info"}
{"message":"add favor result => {\n  \"type\": \"student-favor\",\n  \"taskindex\": \"2\",\n  \"userid\": \"U201714635\",\n  \"favor\": true,\n  \"_id\": \"5b65ca2c7032fff6bf92b5f2\"\n}","level":"info"}
{"message":"delete favor result => {\n  \"taskindex\": \"2\",\n  \"userid\": \"U201714635\",\n  \"favor\": true\n}","level":"info"}
{"message":"add favor result => {\n  \"type\": \"student-favor\",\n  \"taskindex\": \"2\",\n  \"userid\": \"U201714635\",\n  \"favor\": true,\n  \"_id\": \"5b65d3877032fff6bf92b5f3\"\n}","level":"info"}
{"message":"add favor result => {\n  \"type\": \"student-favor\",\n  \"taskindex\": \"2\",\n  \"userid\": \"U201714635\",\n  \"favor\": true,\n  \"_id\": \"5b65d5c87032fff6bf92b5f4\"\n}","level":"info"}
{"message":"add favor result => {\n  \"type\": \"student-favor\",\n  \"taskindex\": \"1\",\n  \"userid\": \"U201714635\",\n  \"favor\": true,\n  \"_id\": \"5b65d5d17032fff6bf92b5f5\"\n}","level":"info"}
{"message":"delete favor result => {\n  \"taskindex\": \"2\",\n  \"userid\": \"U201714635\",\n  \"favor\": true\n}","level":"info"}
{"message":"delete favor result => {\n  \"taskindex\": \"1\",\n  \"userid\": \"U201714635\",\n  \"favor\": true\n}","level":"info"}
{"message":"controller error => Error: request parameter error\n    at Object.exports.createError (/Users/why/学习/Dian/大创项目/攻防实验系统/HUST_Info_Security_platform/utils/error_util.js:4:15)\n    at Object.exports.getFavor (/Users/why/学习/Dian/大创项目/攻防实验系统/HUST_Info_Security_platform/controllers/exam_controller.js:38:29)\n    at <anonymous>\n    at process._tickCallback (internal/process/next_tick.js:160:7)","level":"error"}
{"message":"controller error => Error: request parameter error\n    at Object.exports.createError (/Users/why/学习/Dian/大创项目/攻防实验系统/HUST_Info_Security_platform/utils/error_util.js:4:15)\n    at Object.exports.getFavor (/Users/why/学习/Dian/大创项目/攻防实验系统/HUST_Info_Security_platform/controllers/exam_controller.js:38:29)\n    at <anonymous>\n    at process._tickCallback (internal/process/next_tick.js:160:7)","level":"error"}
{"message":"add favor result => {\n  \"type\": \"task-favor\",\n  \"taskindex\": \"1\",\n  \"userid\": \"U201714635\",\n  \"favor\": true,\n  \"_id\": \"5b65db421928972c98eea22f\"\n}","level":"info"}
{"message":"controller error => Error: request parameter error\n    at Object.exports.createError (/Users/why/学习/Dian/大创项目/攻防实验系统/HUST_Info_Security_platform/utils/error_util.js:4:15)\n    at Object.exports.getFavor (/Users/why/学习/Dian/大创项目/攻防实验系统/HUST_Info_Security_platform/controllers/exam_controller.js:38:29)\n    at <anonymous>\n    at process._tickCallback (internal/process/next_tick.js:160:7)","level":"error"}
{"message":"controller error => Error: request parameter error\n    at Object.exports.createError (/Users/why/学习/Dian/大创项目/攻防实验系统/HUST_Info_Security_platform/utils/error_util.js:4:15)\n    at Object.exports.getFavor (/Users/why/学习/Dian/大创项目/攻防实验系统/HUST_Info_Security_platform/controllers/exam_controller.js:38:29)\n    at <anonymous>\n    at process._tickCallback (internal/process/next_tick.js:160:7)","level":"error"}
{"message":"add favor result => {\n  \"type\": \"task-favor\",\n  \"taskindex\": \"1\",\n  \"userid\": \"U201714635\",\n  \"favor\": true,\n  \"_id\": \"5b65db481928972c98eea230\"\n}","level":"info"}
{"message":"controller error => Error: request parameter error\n    at Object.exports.createError (/Users/why/学习/Dian/大创项目/攻防实验系统/HUST_Info_Security_platform/utils/error_util.js:4:15)\n    at Object.exports.getFavor (/Users/why/学习/Dian/大创项目/攻防实验系统/HUST_Info_Security_platform/controllers/exam_controller.js:38:29)\n    at <anonymous>\n    at process._tickCallback (internal/process/next_tick.js:160:7)","level":"error"}
{"message":"controller error => Error: request parameter error\n    at Object.exports.createError (/Users/why/学习/Dian/大创项目/攻防实验系统/HUST_Info_Security_platform/utils/error_util.js:4:15)\n    at Object.exports.getFavorList (/Users/why/学习/Dian/大创项目/攻防实验系统/HUST_Info_Security_platform/controllers/exam_controller.js:91:29)\n    at <anonymous>\n    at process._tickCallback (internal/process/next_tick.js:160:7)","level":"error"}
{"message":"controller error => Error: request parameter error\n    at Object.exports.createError (/Users/why/学习/Dian/大创项目/攻防实验系统/HUST_Info_Security_platform/utils/error_util.js:4:15)\n    at Object.exports.getTaskList (/Users/why/学习/Dian/大创项目/攻防实验系统/HUST_Info_Security_platform/controllers/exam_controller.js:79:29)\n    at <anonymous>\n    at process._tickCallback (internal/process/next_tick.js:160:7)","level":"error"}
{"message":"controller error => Error: request parameter error\n    at Object.exports.createError (/Users/why/学习/Dian/大创项目/攻防实验系统/HUST_Info_Security_platform/utils/error_util.js:4:15)\n    at Object.exports.getFavor (/Users/why/学习/Dian/大创项目/攻防实验系统/HUST_Info_Security_platform/controllers/exam_controller.js:39:29)\n    at <anonymous>\n    at process._tickCallback (internal/process/next_tick.js:160:7)","level":"error"}
{"message":"add favor result => {\n  \"type\": \"task-favor\",\n  \"taskindex\": \"2\",\n  \"userid\": \"U201714635\",\n  \"favor\": true,\n  \"_id\": \"5b65dd06ce321831e41962a8\"\n}","level":"info"}
{"message":"controller error => Error: request parameter error\n    at Object.exports.createError (/Users/why/学习/Dian/大创项目/攻防实验系统/HUST_Info_Security_platform/utils/error_util.js:4:15)\n    at Object.exports.deleteFavor (/Users/why/学习/Dian/大创项目/攻防实验系统/HUST_Info_Security_platform/controllers/exam_controller.js:62:29)\n    at <anonymous>\n    at process._tickCallback (internal/process/next_tick.js:160:7)","level":"error"}
{"message":"delete favor result => false","level":"info"}
{"message":"controller error => Error: request parameter error\n    at Object.exports.createError (/Users/why/学习/Dian/大创项目/攻防实验系统/HUST_Info_Security_platform/utils/error_util.js:4:15)\n    at Object.exports.deleteFavor (/Users/why/学习/Dian/大创项目/攻防实验系统/HUST_Info_Security_platform/controllers/exam_controller.js:62:29)\n    at <anonymous>\n    at process._tickCallback (internal/process/next_tick.js:160:7)","level":"error"}
{"message":"delete favor result => false","level":"info"}
{"message":"controller error => Error: request parameter error\n    at Object.exports.createError (/Users/why/学习/Dian/大创项目/攻防实验系统/HUST_Info_Security_platform/utils/error_util.js:4:15)\n    at Object.exports.deleteFavor (/Users/why/学习/Dian/大创项目/攻防实验系统/HUST_Info_Security_platform/controllers/exam_controller.js:62:29)\n    at <anonymous>\n    at process._tickCallback (internal/process/next_tick.js:160:7)","level":"error"}
{"message":"delete favor result => false","level":"info"}
{"message":"controller error => Error: request parameter error\n    at Object.exports.createError (/Users/why/学习/Dian/大创项目/攻防实验系统/HUST_Info_Security_platform/utils/error_util.js:4:15)\n    at Object.exports.deleteFavor (/Users/why/学习/Dian/大创项目/攻防实验系统/HUST_Info_Security_platform/controllers/exam_controller.js:62:29)\n    at <anonymous>\n    at process._tickCallback (internal/process/next_tick.js:160:7)","level":"error"}
{"message":"delete favor result => false","level":"info"}
{"message":"controller error => Error: request parameter error\n    at Object.exports.createError (/Users/why/学习/Dian/大创项目/攻防实验系统/HUST_Info_Security_platform/utils/error_util.js:4:15)\n    at Object.exports.deleteFavor (/Users/why/学习/Dian/大创项目/攻防实验系统/HUST_Info_Security_platform/controllers/exam_controller.js:62:29)\n    at <anonymous>\n    at process._tickCallback (internal/process/next_tick.js:160:7)","level":"error"}
{"message":"delete favor result => false","level":"info"}
{"message":"controller error => Error: request parameter error\n    at Object.exports.createError (/Users/why/学习/Dian/大创项目/攻防实验系统/HUST_Info_Security_platform/utils/error_util.js:4:15)\n    at Object.exports.deleteFavor (/Users/why/学习/Dian/大创项目/攻防实验系统/HUST_Info_Security_platform/controllers/exam_controller.js:62:29)\n    at <anonymous>\n    at process._tickCallback (internal/process/next_tick.js:160:7)","level":"error"}
{"message":"delete favor result => false","level":"info"}
{"message":"delete favor result => {\n  \"taskindex\": \"2\",\n  \"userid\": \"U201714635\",\n  \"favor\": true\n}","level":"info"}
{"message":"add favor result => {\n  \"type\": \"task-favor\",\n  \"taskindex\": \"2\",\n  \"userid\": \"U201714635\",\n  \"favor\": true,\n  \"_id\": \"5b65e1efd9d2223effb5e89b\"\n}","level":"info"}
{"message":"delete favor result => {\n  \"taskindex\": \"2\",\n  \"userid\": \"U201714635\",\n  \"favor\": true\n}","level":"info"}
{"message":"add favor result => {\n  \"type\": \"task-favor\",\n  \"taskindex\": \"2\",\n  \"userid\": \"U201714635\",\n  \"favor\": true,\n  \"_id\": \"5b65e2bed9d2223effb5e89c\"\n}","level":"info"}
{"message":"delete favor result => {\n  \"taskindex\": \"1\",\n  \"userid\": \"U201714635\",\n  \"favor\": true\n}","level":"info"}
{"message":"add favor result => {\n  \"type\": \"task-favor\",\n  \"taskindex\": \"1\",\n  \"userid\": \"U201714635\",\n  \"favor\": true,\n  \"_id\": \"5b65e2eed9d2223effb5e89d\"\n}","level":"info"}
{"message":"delete favor result => {\n  \"taskindex\": \"2\",\n  \"userid\": \"U201714635\",\n  \"favor\": true\n}","level":"info"}
{"message":"add favor result => {\n  \"type\": \"task-favor\",\n  \"taskindex\": \"2\",\n  \"userid\": \"U201714635\",\n  \"favor\": true,\n  \"_id\": \"5b65e2f4d9d2223effb5e89e\"\n}","level":"info"}
{"message":"delete favor result => {\n  \"taskindex\": \"2\",\n  \"userid\": \"U201714635\",\n  \"favor\": true\n}","level":"info"}
{"message":"delete favor result => {\n  \"taskindex\": \"1\",\n  \"userid\": \"U201714635\",\n  \"favor\": true\n}","level":"info"}
{"message":"add favor result => {\n  \"type\": \"task-favor\",\n  \"taskindex\": \"2\",\n  \"userid\": \"U201714635\",\n  \"favor\": true,\n  \"_id\": \"5b65e3a1d9d2223effb5e89f\"\n}","level":"info"}
